14:13:53.803059 360PassiveDNS: check callback failed for the configuration
14:13:53.803427 Ahrefs: check callback failed for the configuration
14:13:53.803442 AlienVault: API key data was not provided
14:13:53.803522 BinaryEdge: check callback failed for the configuration
14:13:53.803563 BuiltWith: check callback failed for the configuration
14:13:53.803582 C99: check callback failed for the configuration
14:13:53.803599 CIRCL: check callback failed for the configuration
14:13:53.803631 Chaos: check callback failed for the configuration
14:13:53.803676 Cloudflare: API key data was not provided
14:13:53.803705 DNSDB: API key data was not provided
14:13:53.803718 DNSDB: check callback failed for the configuration
14:13:53.803775 DNSRepo: check callback failed for the configuration
14:13:53.803804 DNSlytics: check callback failed for the configuration
14:13:53.803824 Detectify: check callback failed for the configuration
14:13:53.803849 FOFA: Email address or API key data was not provided
14:13:53.804027 FacebookCT: check callback failed for the configuration
14:13:53.804073 GitHub: check callback failed for the configuration
14:13:53.804089 GitLab: check callback failed for the configuration
14:13:53.804128 Hunter: check callback failed for the configuration
14:13:53.804149 IPdata: check callback failed for the configuration
14:13:53.804164 IPinfo: check callback failed for the configuration
14:13:53.804184 IntelX: check callback failed for the configuration
14:13:53.804196 LeakIX: check callback failed for the configuration
14:13:53.804217 NetworksDB: API key data was not provided
14:13:53.804273 ONYPHE: check callback failed for the configuration
14:13:53.804307 PassiveTotal: check callback failed for the configuration
14:13:53.804318 PentestTools: check callback failed for the configuration
14:13:53.804332 Quake: check callback failed for the configuration
14:13:53.804439 SecurityTrails: check callback failed for the configuration
14:13:53.804457 Shodan: check callback failed for the configuration
14:13:53.804480 Spamhaus: check callback failed for the configuration
14:13:53.804497 Spyse: check callback failed for the configuration
14:13:53.804519 ThreatBook: check callback failed for the configuration
14:13:53.804535 Twitter: API key data was not provided
14:13:53.805226 Twitter: check callback failed for the configuration
14:13:53.804558 Umbrella: API key data was not provided
14:13:53.805237 Umbrella: check callback failed for the configuration
14:13:53.804574 VirusTotal: check callback failed for the configuration
14:13:53.804592 WhoisXMLAPI: check callback failed for the configuration
14:13:53.804613 ZETAlytics: check callback failed for the configuration
14:13:53.804624 ZoomEye: check callback failed for the configuration
14:13:54.856421 Querying Wayback for hydrogeotechnique.com subdomains
14:13:54.856497 Querying ArchiveIt for hydrogeotechnique.com subdomains
14:13:54.856537 Querying Brute Forcing for hydrogeotechnique.com subdomains
14:13:54.856548 Querying DNSDumpster for hydrogeotechnique.com subdomains
14:13:54.856551 Querying Gists for hydrogeotechnique.com subdomains
14:13:54.856557 Querying IPv4Info for hydrogeotechnique.com subdomains
14:13:54.856563 Querying RapidDNS for hydrogeotechnique.com subdomains
14:13:54.856568 Querying Searchcode for hydrogeotechnique.com subdomains
14:13:54.856578 Querying AbuseIPDB for hydrogeotechnique.com subdomains
14:13:54.856583 Querying GoogleCT for hydrogeotechnique.com subdomains
14:13:54.856606 Querying Greynoise for hydrogeotechnique.com subdomains
14:13:54.856612 Querying Yahoo for hydrogeotechnique.com subdomains
14:13:54.856619 Querying Crtsh for hydrogeotechnique.com subdomains
14:13:54.856625 Querying Digitorus for hydrogeotechnique.com subdomains
14:13:54.856632 Querying HAW for hydrogeotechnique.com subdomains
14:13:54.856640 Querying HackerOne for hydrogeotechnique.com subdomains
14:13:54.856646 Querying HyperStat for hydrogeotechnique.com subdomains
14:13:54.856655 Querying Riddler for hydrogeotechnique.com subdomains
14:13:54.856662 Querying Sublist3rAPI for hydrogeotechnique.com subdomains
14:13:54.856668 Querying Censys for hydrogeotechnique.com subdomains
14:13:54.856678 Querying AnubisDB for hydrogeotechnique.com subdomains
14:13:54.856681 Querying BufferOver for hydrogeotechnique.com subdomains
14:13:54.856697 Querying ThreatCrowd for hydrogeotechnique.com subdomains
14:13:54.856715 Querying Bing for hydrogeotechnique.com subdomains
14:13:54.856719 Querying Ask for hydrogeotechnique.com subdomains
14:13:54.856729 Querying CommonCrawl for hydrogeotechnique.com subdomains
14:13:54.856731 Querying URLScan for hydrogeotechnique.com subdomains
14:13:54.856737 Querying Robtex for hydrogeotechnique.com subdomains
14:13:54.856744 Querying DuckDuckGo for hydrogeotechnique.com subdomains
14:13:54.856749 Querying HackerTarget for hydrogeotechnique.com subdomains
14:13:54.856755 Querying N45HT for hydrogeotechnique.com subdomains
14:13:54.856762 Querying ThreatMiner for hydrogeotechnique.com subdomains
14:13:54.856771 Querying Baidu for hydrogeotechnique.com subdomains
14:13:54.856781 Querying FullHunt for hydrogeotechnique.com subdomains
14:13:54.856795 Querying SonarSearch for hydrogeotechnique.com subdomains
14:13:54.856798 Querying AlienVault for hydrogeotechnique.com subdomains
14:13:54.856805 Querying Searx for hydrogeotechnique.com subdomains
14:13:54.856810 Querying SiteDossier for hydrogeotechnique.com subdomains
14:13:54.856816 Querying CertSpotter for hydrogeotechnique.com subdomains
14:13:54.856822 Querying Mnemonic for hydrogeotechnique.com subdomains
14:13:54.856828 Querying UKWebArchive for hydrogeotechnique.com subdomains
14:13:54.856837 Querying PKey for hydrogeotechnique.com subdomains
14:13:54.856847 Querying Arquivo for hydrogeotechnique.com subdomains
14:13:54.856855 Querying Maltiverse for hydrogeotechnique.com subdomains
14:13:55.346995 GoogleCT: vertical request to service failed: 400: 400 Bad Request
14:13:55.882764 Riddler: scrape: Get "https://riddler.io/search/exportcsv?q=pld:hydrogeotechnique.com": dial tcp: lookup riddler.io on 168.63.129.16:53: no such host
14:13:55.895411 BufferOver: scrape: Get "https://dns.bufferover.run/dns?q=.hydrogeotechnique.com": dial tcp: lookup dns.bufferover.run on 168.63.129.16:53: no such host
14:13:55.919484 PKey: scrape: 403: 403 Forbidden
14:13:55.930381 AbuseIPDB: get_ip request to service failed: 403: 403 Forbidden
14:13:55.948152 DuckDuckGo: scrape: 403: 403 Forbidden
14:13:56.012791 FullHunt: vertical request to service failed: 403: 403 Forbidden
14:13:56.220751 Greynoise: vertical request to service failed: 404: 404 Not Found
14:13:56.281890 Maltiverse: vertical request to service failed: 403: 403 FORBIDDEN
14:13:57.200183 AnubisDB: scrape: Get "https://anubisdb.com/anubis/subdomains/hydrogeotechnique.com": stopped after 10 redirects
14:13:58.615652 N45HT: vertical callback: <string>:21: __len undefined
stack traceback:
	<string>:21: in main chunk
	[G]: ?
14:13:58.777131 Ask: scrape: 400: 400 Bad Request
14:13:58.877395 Searx: scrape: Post "https://searx.sk/search": dial tcp: lookup searx.sk on 168.63.129.16:53: no such host
14:13:59.916948 URLScan: vertical request to service failed: 429: 429 Too Many Requests
14:14:00.045059 Arquivo: vertical request to service failed: 400: 400 Bad Request
14:14:02.141056 CommonCrawl: get_urls failed to extract endpoints
14:14:03.170459 ThreatMiner: vertical request to service failed: 500: 500 Internal Server Error
14:14:04.595279 SiteDossier: scrape: 403: 403 Forbidden
14:14:05.577168 ThreatCrowd: vertical request to service failed: 503: 503 Service Temporarily Unavailable
14:14:11.545685 Baidu: scrape: Get "https://www.baidu.com/s?oq=site%3Ahydrogeotechnique.com+-site%3Awww.hydrogeotechnique.com&pn=100&wd=site%3Ahydrogeotechnique.com+-site%3Awww.hydrogeotechnique.com": context canceled
14:14:11.857254 Yahoo: scrape: Get "https://search.yahoo.com/search?b=161&bct=0&p=site%3Ahydrogeotechnique.com+-domain%3Awww.hydrogeotechnique.com&pz=10&xargs=0": context canceled
14:14:11.857681 Bing: scrape: Get "https://www.bing.com/search?FORM=PORE&first=161&q=domain%3Ahydrogeotechnique.com+-site%3Awww.hydrogeotechnique.com": context canceled
