09:22:08.916757 AlienVault: API key data was not provided
09:22:08.916945 ZoomEye: check callback failed for the configuration
09:22:08.917970 Shodan: check callback failed for the configuration
09:22:08.918028 Spamhaus: check callback failed for the configuration
09:22:08.918055 Spyse: check callback failed for the configuration
09:22:08.918080 ThreatBook: check callback failed for the configuration
09:22:08.918102 Twitter: API key data was not provided
09:22:08.918119 Twitter: check callback failed for the configuration
09:22:08.918138 Umbrella: API key data was not provided
09:22:08.918150 Umbrella: check callback failed for the configuration
09:22:08.918168 VirusTotal: check callback failed for the configuration
09:22:08.918189 WhoisXMLAPI: check callback failed for the configuration
09:22:08.918214 ZETAlytics: check callback failed for the configuration
09:22:08.917056 BinaryEdge: check callback failed for the configuration
09:22:08.917084 BuiltWith: check callback failed for the configuration
09:22:08.917143 C99: check callback failed for the configuration
09:22:08.917158 CIRCL: check callback failed for the configuration
09:22:08.917185 Chaos: check callback failed for the configuration
09:22:08.917188 Cloudflare: API key data was not provided
09:22:08.917228 DNSDB: API key data was not provided
09:22:08.918348 DNSDB: check callback failed for the configuration
09:22:08.917271 DNSRepo: check callback failed for the configuration
09:22:08.917283 DNSlytics: check callback failed for the configuration
09:22:08.917289 360PassiveDNS: check callback failed for the configuration
09:22:08.917297 Detectify: check callback failed for the configuration
09:22:08.917330 FOFA: Email address or API key data was not provided
09:22:08.917359 Ahrefs: check callback failed for the configuration
09:22:08.917613 FacebookCT: check callback failed for the configuration
09:22:08.917647 GitHub: check callback failed for the configuration
09:22:08.917659 GitLab: check callback failed for the configuration
09:22:08.917702 Hunter: check callback failed for the configuration
09:22:08.917722 IPdata: check callback failed for the configuration
09:22:08.917733 IPinfo: check callback failed for the configuration
09:22:08.917751 IntelX: check callback failed for the configuration
09:22:08.917762 LeakIX: check callback failed for the configuration
09:22:08.917783 NetworksDB: API key data was not provided
09:22:08.917804 ONYPHE: check callback failed for the configuration
09:22:08.917821 PassiveTotal: check callback failed for the configuration
09:22:08.917834 PentestTools: check callback failed for the configuration
09:22:08.917846 Quake: check callback failed for the configuration
09:22:08.917951 SecurityTrails: check callback failed for the configuration
09:22:08.932975 Querying BufferOver for mobilierdefrance.com subdomains
09:22:08.933074 Querying Greynoise for mobilierdefrance.com subdomains
09:22:08.933117 Querying FullHunt for mobilierdefrance.com subdomains
09:22:08.933188 Querying AlienVault for mobilierdefrance.com subdomains
09:22:08.933522 Querying AnubisDB for mobilierdefrance.com subdomains
09:22:08.933996 Querying HackerTarget for mobilierdefrance.com subdomains
09:22:08.936949 Querying Maltiverse for mobilierdefrance.com subdomains
09:22:08.936977 Querying Mnemonic for mobilierdefrance.com subdomains
09:22:08.938405 Querying N45HT for mobilierdefrance.com subdomains
09:22:08.942485 Querying Robtex for mobilierdefrance.com subdomains
09:22:08.943548 Querying SonarSearch for mobilierdefrance.com subdomains
09:22:08.945219 Querying Sublist3rAPI for mobilierdefrance.com subdomains
09:22:08.947123 Querying ThreatCrowd for mobilierdefrance.com subdomains
09:22:08.947256 Querying ThreatMiner for mobilierdefrance.com subdomains
09:22:08.947563 Querying URLScan for mobilierdefrance.com subdomains
09:22:08.951899 Querying ArchiveIt for mobilierdefrance.com subdomains
09:22:08.952002 Querying Arquivo for mobilierdefrance.com subdomains
09:22:08.952066 Querying HAW for mobilierdefrance.com subdomains
09:22:08.952096 Querying UKWebArchive for mobilierdefrance.com subdomains
09:22:08.953558 Querying Wayback for mobilierdefrance.com subdomains
09:22:08.953747 Querying Brute Forcing for mobilierdefrance.com subdomains
09:22:08.954067 Querying Censys for mobilierdefrance.com subdomains
09:22:08.955617 Querying CertSpotter for mobilierdefrance.com subdomains
09:22:08.955686 Querying Crtsh for mobilierdefrance.com subdomains
09:22:08.955882 Querying Digitorus for mobilierdefrance.com subdomains
09:22:08.957306 Querying GoogleCT for mobilierdefrance.com subdomains
09:22:08.957810 Querying CommonCrawl for mobilierdefrance.com subdomains
09:22:08.960254 Querying AbuseIPDB for mobilierdefrance.com subdomains
09:22:08.960334 Querying Ask for mobilierdefrance.com subdomains
09:22:08.960853 Querying Baidu for mobilierdefrance.com subdomains
09:22:08.960950 Querying Bing for mobilierdefrance.com subdomains
09:22:08.962419 Querying Gists for mobilierdefrance.com subdomains
09:22:08.962819 Querying DNSDumpster for mobilierdefrance.com subdomains
09:22:08.962863 Querying DuckDuckGo for mobilierdefrance.com subdomains
09:22:08.962966 Querying HackerOne for mobilierdefrance.com subdomains
09:22:08.962997 Querying HyperStat for mobilierdefrance.com subdomains
09:22:08.964091 Querying IPv4Info for mobilierdefrance.com subdomains
09:22:08.964163 Querying PKey for mobilierdefrance.com subdomains
09:22:08.965980 Querying RapidDNS for mobilierdefrance.com subdomains
09:22:08.966071 Querying Riddler for mobilierdefrance.com subdomains
09:22:08.966137 Querying Searchcode for mobilierdefrance.com subdomains
09:22:08.966156 Querying Searx for mobilierdefrance.com subdomains
09:22:08.966299 Querying SiteDossier for mobilierdefrance.com subdomains
09:22:08.967892 Querying Yahoo for mobilierdefrance.com subdomains
09:22:09.460742 GoogleCT: vertical request to service failed: 400: 400 Bad Request
09:22:09.953808 BufferOver: scrape: Get "https://dns.bufferover.run/dns?q=.mobilierdefrance.com": dial tcp: lookup dns.bufferover.run on 168.63.129.16:53: no such host
09:22:10.002053 Riddler: scrape: Get "https://riddler.io/search/exportcsv?q=pld:mobilierdefrance.com": dial tcp: lookup riddler.io on 168.63.129.16:53: no such host
09:22:10.023403 PKey: scrape: 403: 403 Forbidden
09:22:10.025348 AbuseIPDB: get_ip request to service failed: 403: 403 Forbidden
09:22:10.029738 HackerOne: scrape: 500: 500 Internal Server Error
09:22:10.094154 FullHunt: vertical request to service failed: 403: 403 Forbidden
09:22:10.132488 DuckDuckGo: scrape: 403: 403 Forbidden
09:22:10.293007 Greynoise: vertical request to service failed: 404: 404 Not Found
09:22:11.239363 AnubisDB: scrape: Get "https://anubisdb.com/anubis/subdomains/mobilierdefrance.com": stopped after 10 redirects
09:22:12.421119 Ask: scrape: 400: 400 Bad Request
09:22:12.733341 N45HT: vertical callback: <string>:21: __len undefined
stack traceback:
	<string>:21: in main chunk
	[G]: ?
09:22:14.025793 URLScan: vertical request to service failed: 429: 429 Too Many Requests
09:22:14.114422 Arquivo: vertical request to service failed: 400: 400 Bad Request
09:22:16.578511 CommonCrawl: get_urls failed to extract endpoints
09:22:17.703033 SiteDossier: scrape: 404: 404 No data available
09:22:17.745153 ThreatMiner: vertical request to service failed: 500: 500 Internal Server Error
09:22:19.629458 ThreatCrowd: vertical request to service failed: 503: 503 Service Temporarily Unavailable
09:22:29.259272 SonarSearch: vertical request to service failed: 522: 522 <none>
09:22:31.227550 RapidDNS: scrape: Get "https://rapiddns.io/subdomain/mobilierdefrance.com?full=1": context canceled
09:22:32.967071 Searx: scrape: Post "https://searx.info/search": context canceled
